<?xml version="1.0" encoding="UTF-8"?>
<!-- Generated by org.testng.reporters.JUnitXMLReporter -->
<testsuite hostname="DESKTOP-U87CH3Q" name="FirstGitTest" tests="1" failures="1" timestamp="19 Oct 2019 06:21:37 GMT" time="13.557" errors="0">
  <testcase name="loginTest" time="13.526" classname="GitTest.FirstGitTest">
    <failure type="java.lang.ArithmeticException" message="/ by zero">
      <![CDATA[java.lang.ArithmeticException: / by zero
	at GitTest.FirstGitTest.loginTest(FirstGitTest.java:28)
... Removed 24 stack frames]]>
    </failure>
  </testcase> <!-- loginTest -->
</testsuite> <!-- FirstGitTest -->
