<?xml version="1.0" encoding="UTF-8"?>
<!-- Generated by org.testng.reporters.JUnitXMLReporter -->
<testsuite hostname="DESKTOP-U87CH3Q" ignored="0" name="FirstGitTest" tests="1" failures="1" timestamp="19 Oct 2019 06:51:48 GMT" time="27.089" errors="0">
  <testcase name="loginTest" time="27.049" classname="GitTest.FirstGitTest">
    <failure type="java.lang.ArithmeticException" message="/ by zero">
      <![CDATA[java.lang.ArithmeticException: / by zeroat GitTest.FirstGitTest.loginTest(FirstGitTest.java:28)... Removed 28 stack frames]]>
    </failure>
  </testcase> <!-- loginTest -->
</testsuite> <!-- FirstGitTest -->
