<?xml version="1.0" encoding="UTF-8"?>
<!-- Generated by org.testng.reporters.JUnitXMLReporter -->
<testsuite hostname="DESKTOP-U87CH3Q" ignored="0" name="FirstGitTest" tests="1" failures="1" timestamp="07 Jan 2020 12:19:46 GMT" time="48.296" errors="0">
  <testcase name="loginTest" time="48.254" classname="GitTest.FirstGitTest">
    <failure type="java.lang.ArithmeticException" message="/ by zero">
      <![CDATA[java.lang.ArithmeticException: / by zeroat GitTest.FirstGitTest.loginTest(FirstGitTest.java:28)... Removed 28 stack frames]]>
    </failure>
  </testcase> <!-- loginTest -->
</testsuite> <!-- FirstGitTest -->
